<?xml version="1.0" encoding="UTF-8"?>
<!-- Generated by org.testng.reporters.JUnitReportReporter -->
<testsuite hostname="LAPTOP-T22UOKH9" failures="0" tests="7" name="beeceptorCryptoWallet.CryptoWalletserverEvaluation" time="2.663" errors="0" timestamp="2024-07-08T16:18:30 IST" skipped="6">
  <testcase classname="beeceptorCryptoWallet.CryptoWalletserverEvaluation" name="GetanObjectWithallAvailable" time="2.663"/>
  <system-out/>
  <testcase classname="beeceptorCryptoWallet.CryptoWalletserverEvaluation" name="Listallthetransactionsdone">
    <skipped/>
  </testcase> <!-- Listallthetransactionsdone -->
  <system-out/>
  <testcase classname="beeceptorCryptoWallet.CryptoWalletserverEvaluation" name="CalculateTransactionFees">
    <skipped/>
  </testcase> <!-- CalculateTransactionFees -->
  <system-out/>
  <testcase classname="beeceptorCryptoWallet.CryptoWalletserverEvaluation" name="LogintheUser">
    <skipped/>
  </testcase> <!-- LogintheUser -->
  <system-out/>
  <testcase classname="beeceptorCryptoWallet.CryptoWalletserverEvaluation" name="Retrievethewalletbalance">
    <skipped/>
  </testcase> <!-- Retrievethewalletbalance -->
  <system-out/>
  <testcase classname="beeceptorCryptoWallet.CryptoWalletserverEvaluation" name="Registerauser">
    <skipped/>
  </testcase> <!-- Registerauser -->
  <system-out/>
  <testcase classname="beeceptorCryptoWallet.CryptoWalletserverEvaluation" name="Transfer5ETHtoaRecipient">
    <skipped/>
  </testcase> <!-- Transfer5ETHtoaRecipient -->
  <system-out/>
</testsuite> <!-- beeceptorCryptoWallet.CryptoWalletserverEvaluation -->
